<?xml version="1.0" encoding="UTF-8"?>
<!-- Generated by org.testng.reporters.JUnitReportReporter -->
<testsuite hostname="JAMES-LAPTOP" failures="0" tests="4" name="com.jameswushanghai.statemachine.action.StartActionTest" time="0.008" errors="0" timestamp="2025-09-22T13:07:07 CST" skipped="0">
  <testcase classname="com.jameswushanghai.statemachine.action.StartActionTest" name="testDoAction_nonFirstExecution" time="0.001"/>
  <system-out/>
  <testcase classname="com.jameswushanghai.statemachine.action.StartActionTest" name="testDoAction_invalidFirstExecutionType" time="0.002"/>
  <system-out/>
  <testcase classname="com.jameswushanghai.statemachine.action.StartActionTest" name="testDoAction_noFirstExecutionFlag" time="0.005"/>
  <system-out/>
  <testcase classname="com.jameswushanghai.statemachine.action.StartActionTest" name="testDoAction_firstExecution" time="0.000"/>
  <system-out/>
</testsuite> <!-- com.jameswushanghai.statemachine.action.StartActionTest -->
