<?xml version="1.0" encoding="UTF-8"?>
<!-- Generated by org.testng.reporters.JUnitReportReporter -->
<testsuite hostname="JAMES-LAPTOP" failures="0" tests="4" name="com.jameswushanghai.statemachine.action.RetryActionTest" time="0.006" errors="0" timestamp="2025-09-22T13:07:07 CST" skipped="0">
  <testcase classname="com.jameswushanghai.statemachine.action.RetryActionTest" name="testDoAction_invalidRetryCountType" time="0.001"/>
  <system-out/>
  <testcase classname="com.jameswushanghai.statemachine.action.RetryActionTest" name="testDoAction_withExistingContextData" time="0.003"/>
  <system-out/>
  <testcase classname="com.jameswushanghai.statemachine.action.RetryActionTest" name="testDoAction_firstRetry" time="0.001"/>
  <system-out/>
  <testcase classname="com.jameswushanghai.statemachine.action.RetryActionTest" name="testDoAction_subsequentRetries" time="0.001"/>
  <system-out/>
</testsuite> <!-- com.jameswushanghai.statemachine.action.RetryActionTest -->
