<?xml version="1.0" encoding="UTF-8"?>
<!-- Generated by org.testng.reporters.JUnitReportReporter -->
<testsuite hostname="JAMES-LAPTOP" failures="0" tests="6" name="com.jameswushanghai.statemachine.action.CompleteActionTest" time="0.165" errors="0" timestamp="2025-09-22T13:07:07 CST" skipped="0">
  <testcase classname="com.jameswushanghai.statemachine.action.CompleteActionTest" name="testDoAction_missingProcessTime" time="0.001"/>
  <system-out/>
  <testcase classname="com.jameswushanghai.statemachine.action.CompleteActionTest" name="testDoAction_withExistingContextData" time="0.001"/>
  <system-out/>
  <testcase classname="com.jameswushanghai.statemachine.action.CompleteActionTest" name="testDoAction_withTimestamps" time="0.150"/>
  <system-out/>
  <testcase classname="com.jameswushanghai.statemachine.action.CompleteActionTest" name="testDoAction_basicBehavior" time="0.009"/>
  <system-out/>
  <testcase classname="com.jameswushanghai.statemachine.action.CompleteActionTest" name="testDoAction_missingTimestamp" time="0.001"/>
  <system-out/>
  <testcase classname="com.jameswushanghai.statemachine.action.CompleteActionTest" name="testDoAction_invalidTimeTypes" time="0.003"/>
  <system-out/>
</testsuite> <!-- com.jameswushanghai.statemachine.action.CompleteActionTest -->
