<?xml version="1.0" encoding="UTF-8"?>
<!-- Generated by org.testng.reporters.JUnitReportReporter -->
<testsuite hostname="JAMES-LAPTOP" failures="0" tests="3" name="com.jameswushanghai.statemachine.action.ProcessActionTest" time="0.309" errors="0" timestamp="2025-09-22T13:07:07 CST" skipped="0">
  <testcase classname="com.jameswushanghai.statemachine.action.ProcessActionTest" name="testDoAction_threadSleepBehavior" time="0.103"/>
  <system-out/>
  <testcase classname="com.jameswushanghai.statemachine.action.ProcessActionTest" name="testDoAction_basicBehavior" time="0.103"/>
  <system-out/>
  <testcase classname="com.jameswushanghai.statemachine.action.ProcessActionTest" name="testDoAction_withExistingContextData" time="0.103"/>
  <system-out/>
</testsuite> <!-- com.jameswushanghai.statemachine.action.ProcessActionTest -->
