<?xml version="1.0" encoding="UTF-8"?>
<!-- Generated by org.testng.reporters.JUnitReportReporter -->
<testsuite hostname="JAMES-LAPTOP" failures="0" tests="1" name="com.jameswushanghai.statemachine.VerySimpleTest" time="0.000" errors="0" timestamp="2025-09-22T13:07:07 CST" skipped="0">
  <testcase classname="com.jameswushanghai.statemachine.VerySimpleTest" name="testVerySimple" time="0.000"/>
  <system-out/>
</testsuite> <!-- com.jameswushanghai.statemachine.VerySimpleTest -->
