<?xml version="1.0" encoding="UTF-8"?>
<testsuite xmlns:xsi="http://www.w3.org/2001/XMLSchema-instance" xsi:noNamespaceSchemaLocation="https://maven.apache.org/surefire/maven-surefire-plugin/xsd/surefire-test-report-3.0.xsd" version="3.0" name="TestSuite" time="1.322" tests="19" errors="0" skipped="0" failures="0">
  <properties>
    <property name="java.specification.version" value="24"/>
    <property name="sun.cpu.isalist" value="amd64"/>
    <property name="sun.jnu.encoding" value="GBK"/>
    <property name="java.class.path" value="C:\Users\james\.m2\repository\org\apache\maven\surefire\surefire-booter\3.0.0-M7\surefire-booter-3.0.0-M7.jar;C:\Users\james\.m2\repository\org\apache\maven\surefire\surefire-api\3.0.0-M7\surefire-api-3.0.0-M7.jar;C:\Users\james\.m2\repository\org\apache\maven\surefire\surefire-logger-api\3.0.0-M7\surefire-logger-api-3.0.0-M7.jar;C:\Users\james\.m2\repository\org\apache\maven\surefire\surefire-shared-utils\3.0.0-M7\surefire-shared-utils-3.0.0-M7.jar;C:\Users\james\.m2\repository\org\apache\maven\surefire\surefire-extensions-spi\3.0.0-M7\surefire-extensions-spi-3.0.0-M7.jar;D:\git\quick-state\sample\target\test-classes;D:\git\quick-state\sample\target\classes;D:\git\quick-state\core\target\classes;C:\Users\james\.m2\repository\org\springframework\boot\spring-boot-starter-actuator\2.7.18\spring-boot-starter-actuator-2.7.18.jar;C:\Users\james\.m2\repository\org\springframework\boot\spring-boot-actuator-autoconfigure\2.7.18\spring-boot-actuator-autoconfigure-2.7.18.jar;C:\Users\james\.m2\repository\org\springframework\boot\spring-boot-actuator\2.7.18\spring-boot-actuator-2.7.18.jar;C:\Users\james\.m2\repository\com\fasterxml\jackson\core\jackson-databind\2.13.5\jackson-databind-2.13.5.jar;C:\Users\james\.m2\repository\com\fasterxml\jackson\core\jackson-annotations\2.13.5\jackson-annotations-2.13.5.jar;C:\Users\james\.m2\repository\com\fasterxml\jackson\core\jackson-core\2.13.5\jackson-core-2.13.5.jar;C:\Users\james\.m2\repository\com\fasterxml\jackson\datatype\jackson-datatype-jsr310\2.13.5\jackson-datatype-jsr310-2.13.5.jar;C:\Users\james\.m2\repository\io\micrometer\micrometer-core\1.9.17\micrometer-core-1.9.17.jar;C:\Users\james\.m2\repository\org\hdrhistogram\HdrHistogram\2.1.12\HdrHistogram-2.1.12.jar;C:\Users\james\.m2\repository\org\latencyutils\LatencyUtils\2.0.3\LatencyUtils-2.0.3.jar;C:\Users\james\.m2\repository\org\springframework\boot\spring-boot-starter\2.7.18\spring-boot-starter-2.7.18.jar;C:\Users\james\.m2\repository\org\springframework\boot\spring-boot\2.7.18\spring-boot-2.7.18.jar;C:\Users\james\.m2\repository\org\springframework\spring-context\5.3.31\spring-context-5.3.31.jar;C:\Users\james\.m2\repository\org\springframework\spring-aop\5.3.31\spring-aop-5.3.31.jar;C:\Users\james\.m2\repository\org\springframework\spring-beans\5.3.31\spring-beans-5.3.31.jar;C:\Users\james\.m2\repository\org\springframework\spring-expression\5.3.31\spring-expression-5.3.31.jar;C:\Users\james\.m2\repository\org\springframework\boot\spring-boot-autoconfigure\2.7.18\spring-boot-autoconfigure-2.7.18.jar;C:\Users\james\.m2\repository\jakarta\annotation\jakarta.annotation-api\1.3.5\jakarta.annotation-api-1.3.5.jar;C:\Users\james\.m2\repository\org\springframework\spring-core\5.3.31\spring-core-5.3.31.jar;C:\Users\james\.m2\repository\org\springframework\spring-jcl\5.3.31\spring-jcl-5.3.31.jar;C:\Users\james\.m2\repository\org\yaml\snakeyaml\1.30\snakeyaml-1.30.jar;C:\Users\james\.m2\repository\org\jacoco\jacoco-maven-plugin\0.8.10\jacoco-maven-plugin-0.8.10.jar;C:\Users\james\.m2\repository\org\codehaus\plexus\plexus-utils\3.0.24\plexus-utils-3.0.24.jar;C:\Users\james\.m2\repository\org\apache\maven\shared\file-management\1.2.1\file-management-1.2.1.jar;C:\Users\james\.m2\repository\org\apache\maven\maven-plugin-api\2.0.6\maven-plugin-api-2.0.6.jar;C:\Users\james\.m2\repository\org\apache\maven\shared\maven-shared-io\1.1\maven-shared-io-1.1.jar;C:\Users\james\.m2\repository\org\apache\maven\maven-artifact\2.0.2\maven-artifact-2.0.2.jar;C:\Users\james\.m2\repository\org\apache\maven\maven-artifact-manager\2.0.2\maven-artifact-manager-2.0.2.jar;C:\Users\james\.m2\repository\org\apache\maven\maven-repository-metadata\2.0.2\maven-repository-metadata-2.0.2.jar;C:\Users\james\.m2\repository\org\apache\maven\wagon\wagon-provider-api\1.0-alpha-6\wagon-provider-api-1.0-alpha-6.jar;C:\Users\james\.m2\repository\org\codehaus\plexus\plexus-container-default\1.0-alpha-9\plexus-container-default-1.0-alpha-9.jar;C:\Users\james\.m2\repository\classworlds\classworlds\1.1-alpha-2\classworlds-1.1-alpha-2.jar;C:\Users\james\.m2\repository\org\apache\maven\reporting\maven-reporting-api\3.0\maven-reporting-api-3.0.jar;C:\Users\james\.m2\repository\org\apache\maven\doxia\doxia-sink-api\1.0\doxia-sink-api-1.0.jar;C:\Users\james\.m2\repository\org\jacoco\org.jacoco.agent\0.8.10\org.jacoco.agent-0.8.10-runtime.jar;C:\Users\james\.m2\repository\org\jacoco\org.jacoco.core\0.8.10\org.jacoco.core-0.8.10.jar;C:\Users\james\.m2\repository\org\ow2\asm\asm\9.5\asm-9.5.jar;C:\Users\james\.m2\repository\org\ow2\asm\asm-commons\9.5\asm-commons-9.5.jar;C:\Users\james\.m2\repository\org\ow2\asm\asm-tree\9.5\asm-tree-9.5.jar;C:\Users\james\.m2\repository\org\jacoco\org.jacoco.report\0.8.10\org.jacoco.report-0.8.10.jar;C:\Users\james\.m2\repository\org\slf4j\slf4j-api\1.7.36\slf4j-api-1.7.36.jar;C:\Users\james\.m2\repository\org\apache\logging\log4j\log4j-slf4j-impl\2.17.2\log4j-slf4j-impl-2.17.2.jar;C:\Users\james\.m2\repository\org\apache\logging\log4j\log4j-api\2.17.2\log4j-api-2.17.2.jar;C:\Users\james\.m2\repository\org\apache\logging\log4j\log4j-core\2.17.2\log4j-core-2.17.2.jar;C:\Users\james\.m2\repository\org\springframework\boot\spring-boot-starter-test\2.7.18\spring-boot-starter-test-2.7.18.jar;C:\Users\james\.m2\repository\org\springframework\boot\spring-boot-test\2.7.18\spring-boot-test-2.7.18.jar;C:\Users\james\.m2\repository\org\springframework\boot\spring-boot-test-autoconfigure\2.7.18\spring-boot-test-autoconfigure-2.7.18.jar;C:\Users\james\.m2\repository\com\jayway\jsonpath\json-path\2.7.0\json-path-2.7.0.jar;C:\Users\james\.m2\repository\net\minidev\json-smart\2.4.11\json-smart-2.4.11.jar;C:\Users\james\.m2\repository\net\minidev\accessors-smart\2.4.11\accessors-smart-2.4.11.jar;C:\Users\james\.m2\repository\jakarta\xml\bind\jakarta.xml.bind-api\2.3.3\jakarta.xml.bind-api-2.3.3.jar;C:\Users\james\.m2\repository\jakarta\activation\jakarta.activation-api\1.2.2\jakarta.activation-api-1.2.2.jar;C:\Users\james\.m2\repository\org\assertj\assertj-core\3.22.0\assertj-core-3.22.0.jar;C:\Users\james\.m2\repository\org\hamcrest\hamcrest\2.2\hamcrest-2.2.jar;C:\Users\james\.m2\repository\org\junit\jupiter\junit-jupiter\5.8.2\junit-jupiter-5.8.2.jar;C:\Users\james\.m2\repository\org\junit\jupiter\junit-jupiter-api\5.8.2\junit-jupiter-api-5.8.2.jar;C:\Users\james\.m2\repository\org\opentest4j\opentest4j\1.2.0\opentest4j-1.2.0.jar;C:\Users\james\.m2\repository\org\junit\platform\junit-platform-commons\1.8.2\junit-platform-commons-1.8.2.jar;C:\Users\james\.m2\repository\org\apiguardian\apiguardian-api\1.1.2\apiguardian-api-1.1.2.jar;C:\Users\james\.m2\repository\org\junit\jupiter\junit-jupiter-params\5.8.2\junit-jupiter-params-5.8.2.jar;C:\Users\james\.m2\repository\org\junit\jupiter\junit-jupiter-engine\5.8.2\junit-jupiter-engine-5.8.2.jar;C:\Users\james\.m2\repository\org\junit\platform\junit-platform-engine\1.8.2\junit-platform-engine-1.8.2.jar;C:\Users\james\.m2\repository\org\mockito\mockito-junit-jupiter\4.5.1\mockito-junit-jupiter-4.5.1.jar;C:\Users\james\.m2\repository\org\skyscreamer\jsonassert\1.5.1\jsonassert-1.5.1.jar;C:\Users\james\.m2\repository\com\vaadin\external\google\android-json\0.0.20131108.vaadin1\android-json-0.0.20131108.vaadin1.jar;C:\Users\james\.m2\repository\org\springframework\spring-test\5.3.31\spring-test-5.3.31.jar;C:\Users\james\.m2\repository\org\xmlunit\xmlunit-core\2.9.1\xmlunit-core-2.9.1.jar;C:\Users\james\.m2\repository\org\testng\testng\7.5\testng-7.5.jar;C:\Users\james\.m2\repository\com\google\code\findbugs\jsr305\3.0.1\jsr305-3.0.1.jar;C:\Users\james\.m2\repository\com\beust\jcommander\1.78\jcommander-1.78.jar;C:\Users\james\.m2\repository\org\webjars\jquery\3.5.1\jquery-3.5.1.jar;C:\Users\james\.m2\repository\junit\junit\4.13.2\junit-4.13.2.jar;C:\Users\james\.m2\repository\org\hamcrest\hamcrest-core\2.2\hamcrest-core-2.2.jar;C:\Users\james\.m2\repository\org\mockito\mockito-core\4.5.1\mockito-core-4.5.1.jar;C:\Users\james\.m2\repository\net\bytebuddy\byte-buddy\1.12.23\byte-buddy-1.12.23.jar;C:\Users\james\.m2\repository\net\bytebuddy\byte-buddy-agent\1.12.23\byte-buddy-agent-1.12.23.jar;C:\Users\james\.m2\repository\org\objenesis\objenesis\3.2\objenesis-3.2.jar;C:\Users\james\.m2\repository\org\apache\maven\surefire\surefire-testng\3.0.0-M7\surefire-testng-3.0.0-M7.jar;C:\Users\james\.m2\repository\org\apache\maven\surefire\common-java5\3.0.0-M7\common-java5-3.0.0-M7.jar;C:\Users\james\.m2\repository\org\apache\maven\surefire\surefire-testng-utils\3.0.0-M7\surefire-testng-utils-3.0.0-M7.jar;C:\Users\james\.m2\repository\org\apache\maven\surefire\surefire-grouper\3.0.0-M7\surefire-grouper-3.0.0-M7.jar"/>
    <property name="java.vm.vendor" value="Oracle Corporation"/>
    <property name="sun.arch.data.model" value="64"/>
    <property name="user.variant" value=""/>
    <property name="java.vendor.url" value="https://java.oracle.com/"/>
    <property name="user.timezone" value="Asia/Shanghai"/>
    <property name="os.name" value="Windows 11"/>
    <property name="java.vm.specification.version" value="24"/>
    <property name="sun.java.launcher" value="SUN_STANDARD"/>
    <property name="user.country" value="CN"/>
    <property name="sun.boot.library.path" value="C:\Program Files\Java\jdk-24\bin"/>
    <property name="sun.java.command" value="org.apache.maven.surefire.booter.ForkedBooter C:\Users\james\AppData\Local\Temp\surefire14628498149241615897 2025-09-22T13-07-05_568-jvmRun1 surefire-20250922130705836_1tmp surefire_0-20250922130705836_2tmp"/>
    <property name="jdk.debug" value="release"/>
    <property name="surefire.test.class.path" value="D:\git\quick-state\sample\target\test-classes;D:\git\quick-state\sample\target\classes;D:\git\quick-state\core\target\classes;C:\Users\james\.m2\repository\org\springframework\boot\spring-boot-starter-actuator\2.7.18\spring-boot-starter-actuator-2.7.18.jar;C:\Users\james\.m2\repository\org\springframework\boot\spring-boot-actuator-autoconfigure\2.7.18\spring-boot-actuator-autoconfigure-2.7.18.jar;C:\Users\james\.m2\repository\org\springframework\boot\spring-boot-actuator\2.7.18\spring-boot-actuator-2.7.18.jar;C:\Users\james\.m2\repository\com\fasterxml\jackson\core\jackson-databind\2.13.5\jackson-databind-2.13.5.jar;C:\Users\james\.m2\repository\com\fasterxml\jackson\core\jackson-annotations\2.13.5\jackson-annotations-2.13.5.jar;C:\Users\james\.m2\repository\com\fasterxml\jackson\core\jackson-core\2.13.5\jackson-core-2.13.5.jar;C:\Users\james\.m2\repository\com\fasterxml\jackson\datatype\jackson-datatype-jsr310\2.13.5\jackson-datatype-jsr310-2.13.5.jar;C:\Users\james\.m2\repository\io\micrometer\micrometer-core\1.9.17\micrometer-core-1.9.17.jar;C:\Users\james\.m2\repository\org\hdrhistogram\HdrHistogram\2.1.12\HdrHistogram-2.1.12.jar;C:\Users\james\.m2\repository\org\latencyutils\LatencyUtils\2.0.3\LatencyUtils-2.0.3.jar;C:\Users\james\.m2\repository\org\springframework\boot\spring-boot-starter\2.7.18\spring-boot-starter-2.7.18.jar;C:\Users\james\.m2\repository\org\springframework\boot\spring-boot\2.7.18\spring-boot-2.7.18.jar;C:\Users\james\.m2\repository\org\springframework\spring-context\5.3.31\spring-context-5.3.31.jar;C:\Users\james\.m2\repository\org\springframework\spring-aop\5.3.31\spring-aop-5.3.31.jar;C:\Users\james\.m2\repository\org\springframework\spring-beans\5.3.31\spring-beans-5.3.31.jar;C:\Users\james\.m2\repository\org\springframework\spring-expression\5.3.31\spring-expression-5.3.31.jar;C:\Users\james\.m2\repository\org\springframework\boot\spring-boot-autoconfigure\2.7.18\spring-boot-autoconfigure-2.7.18.jar;C:\Users\james\.m2\repository\jakarta\annotation\jakarta.annotation-api\1.3.5\jakarta.annotation-api-1.3.5.jar;C:\Users\james\.m2\repository\org\springframework\spring-core\5.3.31\spring-core-5.3.31.jar;C:\Users\james\.m2\repository\org\springframework\spring-jcl\5.3.31\spring-jcl-5.3.31.jar;C:\Users\james\.m2\repository\org\yaml\snakeyaml\1.30\snakeyaml-1.30.jar;C:\Users\james\.m2\repository\org\jacoco\jacoco-maven-plugin\0.8.10\jacoco-maven-plugin-0.8.10.jar;C:\Users\james\.m2\repository\org\codehaus\plexus\plexus-utils\3.0.24\plexus-utils-3.0.24.jar;C:\Users\james\.m2\repository\org\apache\maven\shared\file-management\1.2.1\file-management-1.2.1.jar;C:\Users\james\.m2\repository\org\apache\maven\maven-plugin-api\2.0.6\maven-plugin-api-2.0.6.jar;C:\Users\james\.m2\repository\org\apache\maven\shared\maven-shared-io\1.1\maven-shared-io-1.1.jar;C:\Users\james\.m2\repository\org\apache\maven\maven-artifact\2.0.2\maven-artifact-2.0.2.jar;C:\Users\james\.m2\repository\org\apache\maven\maven-artifact-manager\2.0.2\maven-artifact-manager-2.0.2.jar;C:\Users\james\.m2\repository\org\apache\maven\maven-repository-metadata\2.0.2\maven-repository-metadata-2.0.2.jar;C:\Users\james\.m2\repository\org\apache\maven\wagon\wagon-provider-api\1.0-alpha-6\wagon-provider-api-1.0-alpha-6.jar;C:\Users\james\.m2\repository\org\codehaus\plexus\plexus-container-default\1.0-alpha-9\plexus-container-default-1.0-alpha-9.jar;C:\Users\james\.m2\repository\classworlds\classworlds\1.1-alpha-2\classworlds-1.1-alpha-2.jar;C:\Users\james\.m2\repository\org\apache\maven\reporting\maven-reporting-api\3.0\maven-reporting-api-3.0.jar;C:\Users\james\.m2\repository\org\apache\maven\doxia\doxia-sink-api\1.0\doxia-sink-api-1.0.jar;C:\Users\james\.m2\repository\org\jacoco\org.jacoco.agent\0.8.10\org.jacoco.agent-0.8.10-runtime.jar;C:\Users\james\.m2\repository\org\jacoco\org.jacoco.core\0.8.10\org.jacoco.core-0.8.10.jar;C:\Users\james\.m2\repository\org\ow2\asm\asm\9.5\asm-9.5.jar;C:\Users\james\.m2\repository\org\ow2\asm\asm-commons\9.5\asm-commons-9.5.jar;C:\Users\james\.m2\repository\org\ow2\asm\asm-tree\9.5\asm-tree-9.5.jar;C:\Users\james\.m2\repository\org\jacoco\org.jacoco.report\0.8.10\org.jacoco.report-0.8.10.jar;C:\Users\james\.m2\repository\org\slf4j\slf4j-api\1.7.36\slf4j-api-1.7.36.jar;C:\Users\james\.m2\repository\org\apache\logging\log4j\log4j-slf4j-impl\2.17.2\log4j-slf4j-impl-2.17.2.jar;C:\Users\james\.m2\repository\org\apache\logging\log4j\log4j-api\2.17.2\log4j-api-2.17.2.jar;C:\Users\james\.m2\repository\org\apache\logging\log4j\log4j-core\2.17.2\log4j-core-2.17.2.jar;C:\Users\james\.m2\repository\org\springframework\boot\spring-boot-starter-test\2.7.18\spring-boot-starter-test-2.7.18.jar;C:\Users\james\.m2\repository\org\springframework\boot\spring-boot-test\2.7.18\spring-boot-test-2.7.18.jar;C:\Users\james\.m2\repository\org\springframework\boot\spring-boot-test-autoconfigure\2.7.18\spring-boot-test-autoconfigure-2.7.18.jar;C:\Users\james\.m2\repository\com\jayway\jsonpath\json-path\2.7.0\json-path-2.7.0.jar;C:\Users\james\.m2\repository\net\minidev\json-smart\2.4.11\json-smart-2.4.11.jar;C:\Users\james\.m2\repository\net\minidev\accessors-smart\2.4.11\accessors-smart-2.4.11.jar;C:\Users\james\.m2\repository\jakarta\xml\bind\jakarta.xml.bind-api\2.3.3\jakarta.xml.bind-api-2.3.3.jar;C:\Users\james\.m2\repository\jakarta\activation\jakarta.activation-api\1.2.2\jakarta.activation-api-1.2.2.jar;C:\Users\james\.m2\repository\org\assertj\assertj-core\3.22.0\assertj-core-3.22.0.jar;C:\Users\james\.m2\repository\org\hamcrest\hamcrest\2.2\hamcrest-2.2.jar;C:\Users\james\.m2\repository\org\junit\jupiter\junit-jupiter\5.8.2\junit-jupiter-5.8.2.jar;C:\Users\james\.m2\repository\org\junit\jupiter\junit-jupiter-api\5.8.2\junit-jupiter-api-5.8.2.jar;C:\Users\james\.m2\repository\org\opentest4j\opentest4j\1.2.0\opentest4j-1.2.0.jar;C:\Users\james\.m2\repository\org\junit\platform\junit-platform-commons\1.8.2\junit-platform-commons-1.8.2.jar;C:\Users\james\.m2\repository\org\apiguardian\apiguardian-api\1.1.2\apiguardian-api-1.1.2.jar;C:\Users\james\.m2\repository\org\junit\jupiter\junit-jupiter-params\5.8.2\junit-jupiter-params-5.8.2.jar;C:\Users\james\.m2\repository\org\junit\jupiter\junit-jupiter-engine\5.8.2\junit-jupiter-engine-5.8.2.jar;C:\Users\james\.m2\repository\org\junit\platform\junit-platform-engine\1.8.2\junit-platform-engine-1.8.2.jar;C:\Users\james\.m2\repository\org\mockito\mockito-junit-jupiter\4.5.1\mockito-junit-jupiter-4.5.1.jar;C:\Users\james\.m2\repository\org\skyscreamer\jsonassert\1.5.1\jsonassert-1.5.1.jar;C:\Users\james\.m2\repository\com\vaadin\external\google\android-json\0.0.20131108.vaadin1\android-json-0.0.20131108.vaadin1.jar;C:\Users\james\.m2\repository\org\springframework\spring-test\5.3.31\spring-test-5.3.31.jar;C:\Users\james\.m2\repository\org\xmlunit\xmlunit-core\2.9.1\xmlunit-core-2.9.1.jar;C:\Users\james\.m2\repository\org\testng\testng\7.5\testng-7.5.jar;C:\Users\james\.m2\repository\com\google\code\findbugs\jsr305\3.0.1\jsr305-3.0.1.jar;C:\Users\james\.m2\repository\com\beust\jcommander\1.78\jcommander-1.78.jar;C:\Users\james\.m2\repository\org\webjars\jquery\3.5.1\jquery-3.5.1.jar;C:\Users\james\.m2\repository\junit\junit\4.13.2\junit-4.13.2.jar;C:\Users\james\.m2\repository\org\hamcrest\hamcrest-core\2.2\hamcrest-core-2.2.jar;C:\Users\james\.m2\repository\org\mockito\mockito-core\4.5.1\mockito-core-4.5.1.jar;C:\Users\james\.m2\repository\net\bytebuddy\byte-buddy\1.12.23\byte-buddy-1.12.23.jar;C:\Users\james\.m2\repository\net\bytebuddy\byte-buddy-agent\1.12.23\byte-buddy-agent-1.12.23.jar;C:\Users\james\.m2\repository\org\objenesis\objenesis\3.2\objenesis-3.2.jar;"/>
    <property name="sun.cpu.endian" value="little"/>
    <property name="user.home" value="C:\Users\james"/>
    <property name="user.language" value="zh"/>
    <property name="java.specification.vendor" value="Oracle Corporation"/>
    <property name="java.version.date" value="2025-04-15"/>
    <property name="java.home" value="C:\Program Files\Java\jdk-24"/>
    <property name="file.separator" value="\"/>
    <property name="basedir" value="D:\git\quick-state\sample"/>
    <property name="java.vm.compressedOopsMode" value="Zero based"/>
    <property name="line.separator" value="&#10;"/>
    <property name="java.vm.specification.vendor" value="Oracle Corporation"/>
    <property name="java.specification.name" value="Java Platform API Specification"/>
    <property name="user.script" value=""/>
    <property name="sun.management.compiler" value="HotSpot 64-Bit Tiered Compilers"/>
    <property name="java.runtime.version" value="24.0.1+9-30"/>
    <property name="user.name" value="james"/>
    <property name="stdout.encoding" value="GBK"/>
    <property name="path.separator" value=";"/>
    <property name="os.version" value="10.0"/>
    <property name="java.runtime.name" value="Java(TM) SE Runtime Environment"/>
    <property name="file.encoding" value="UTF-8"/>
    <property name="java.vm.name" value="Java HotSpot(TM) 64-Bit Server VM"/>
    <property name="localRepository" value="C:\Users\james\.m2\repository"/>
    <property name="java.vendor.url.bug" value="https://bugreport.java.com/bugreport/"/>
    <property name="java.io.tmpdir" value="C:\Users\james\AppData\Local\Temp\"/>
    <property name="java.version" value="24.0.1"/>
    <property name="user.dir" value="D:\git\quick-state\sample"/>
    <property name="os.arch" value="amd64"/>
    <property name="java.vm.specification.name" value="Java Virtual Machine Specification"/>
    <property name="sun.os.patch.level" value=""/>
    <property name="native.encoding" value="GBK"/>
    <property name="java.library.path" value="C:\Program Files\Java\jdk-24\bin;C:\WINDOWS\Sun\Java\bin;C:\WINDOWS\system32;C:\WINDOWS;C:\\Program Files\\Java\\jdk-24\\bin;C:\\Users\\james\\.trae\\tools\\maven\\latest\\bin;C:\\Users\\james\\.trae\\tools\\gradle\\latest\\bin;c:\\Users\\james\\.trae\\sdks\\workspaces\\ad0f14dc\\versions\\node\\current;c:\\Users\\james\\.trae\\sdks\\versions\\node\\current;C:\ProgramData\anaconda3;C:\ProgramData\anaconda3\Library\mingw-w64\bin;C:\ProgramData\anaconda3\Library\usr\bin;C:\ProgramData\anaconda3\Library\bin;C:\ProgramData\anaconda3\Scripts;C:\ProgramData\anaconda3\bin;C:\ProgramData\anaconda3\condabin;C:\Program Files\Java\jdk-24\bin;C:\Users\james\.trae\tools\maven\latest\bin;C:\Users\james\.trae\tools\gradle\latest\bin;C:\Users\james\AppData\Roaming\Trae\User\globalStorage\pleiades.java-extension-pack-jdk\gradle\latest\bin;C:\Users\james\AppData\Roaming\Trae\User\globalStorage\pleiades.java-extension-pack-jdk\maven\latest\bin;c:\Users\james\.trae\sdks\workspaces\ad0f14dc\versions\node\current;c:\Users\james\.trae\sdks\versions\node\current;C:\Users\james\AppData\Roaming\Trae\User\globalStorage\pleiades.java-extension-pack-jdk\java\21\bin;C:\Python313\Scripts;C:\Python313;C:\Program Files\Common Files\Oracle\Java\javapath;C:\Windows\System32\HWAudioDriver;C:\Windows\system32;C:\Windows;C:\Windows\System32\Wbem;C:\Windows\System32\WindowsPowerShell\v1.0;C:\Windows\System32\OpenSSH;C:\Users\Administrator\AppData\Local\Microsoft\WindowsApps;C:\Program Files\Git\cmd;C:\WINDOWS\system32;C:\WINDOWS;C:\WINDOWS\System32\Wbem;C:\WINDOWS\System32\WindowsPowerShell\v1.0;C:\WINDOWS\System32\OpenSSH;C:\Program Files\PowerShell\7;D:\Program Files\nodejs;C:\ProgramData\chocolatey\bin;C:\Program Files\Docker\Docker\resources\bin;D:\Program Files\apache-maven-3.9.11\bin;d:\Program Files\Trae\bin;C:\Users\james\.local\bin;C:\Users\james\AppData\Local\Microsoft\WindowsApps;C:\Users\james\AppData\Local\Programs\Microsoft VS Code\bin;D:\Program Files\Qoder\bin;C:\Users\james\AppData\Roaming\npm;D:\Program Files\CodeBuddy CN\bin;."/>
    <property name="java.vm.info" value="mixed mode, sharing"/>
    <property name="stderr.encoding" value="GBK"/>
    <property name="java.vendor" value="Oracle Corporation"/>
    <property name="java.vm.version" value="24.0.1+9-30"/>
    <property name="sun.io.unicode.encoding" value="UnicodeLittle"/>
    <property name="java.class.version" value="68.0"/>
  </properties>
  <testcase name="testDoAction_basicBehavior" classname="com.jameswushanghai.statemachine.action.CompleteActionTest" time="0.008">
    <system-out><![CDATA[VerySimpleTest实例化成功
13:07:07.092 [main] INFO  com.jameswushanghai.statemachine.action.CompleteAction - 执行完成动作
13:07:07.094 [main] INFO  com.jameswushanghai.statemachine.action.CompleteAction - 任务已成功完成
]]></system-out>
  </testcase>
  <testcase name="testDoAction_invalidTimeTypes" classname="com.jameswushanghai.statemachine.action.CompleteActionTest" time="0.007">
    <system-out><![CDATA[13:07:07.101 [main] INFO  com.jameswushanghai.statemachine.action.CompleteAction - 执行完成动作
13:07:07.103 [main] WARN  com.jameswushanghai.statemachine.action.CompleteAction - 无法计算流程耗时，时间戳格式不正确: For input string: "invalid_timestamp"
13:07:07.103 [main] INFO  com.jameswushanghai.statemachine.action.CompleteAction - 任务已成功完成
]]></system-out>
  </testcase>
  <testcase name="testDoAction_missingProcessTime" classname="com.jameswushanghai.statemachine.action.CompleteActionTest" time="0.002">
    <system-out><![CDATA[13:07:07.105 [main] INFO  com.jameswushanghai.statemachine.action.CompleteAction - 执行完成动作
13:07:07.105 [main] INFO  com.jameswushanghai.statemachine.action.CompleteAction - 任务已成功完成
]]></system-out>
  </testcase>
  <testcase name="testDoAction_missingTimestamp" classname="com.jameswushanghai.statemachine.action.CompleteActionTest" time="0.001">
    <system-out><![CDATA[13:07:07.107 [main] INFO  com.jameswushanghai.statemachine.action.CompleteAction - 执行完成动作
13:07:07.107 [main] INFO  com.jameswushanghai.statemachine.action.CompleteAction - 任务已成功完成
]]></system-out>
  </testcase>
  <testcase name="testDoAction_withExistingContextData" classname="com.jameswushanghai.statemachine.action.CompleteActionTest" time="0.001">
    <system-out><![CDATA[13:07:07.109 [main] INFO  com.jameswushanghai.statemachine.action.CompleteAction - 执行完成动作
13:07:07.109 [main] INFO  com.jameswushanghai.statemachine.action.CompleteAction - 任务已成功完成
]]></system-out>
  </testcase>
  <testcase name="testDoAction_withTimestamps" classname="com.jameswushanghai.statemachine.action.CompleteActionTest" time="0.001">
    <system-out><![CDATA[13:07:07.110 [main] INFO  com.jameswushanghai.statemachine.action.CompleteAction - 执行完成动作
13:07:07.110 [main] INFO  com.jameswushanghai.statemachine.action.CompleteAction - 整个流程耗时: 1000ms
13:07:07.111 [main] INFO  com.jameswushanghai.statemachine.action.CompleteAction - 处理阶段耗时: 500ms
13:07:07.111 [main] INFO  com.jameswushanghai.statemachine.action.CompleteAction - 任务已成功完成
]]></system-out>
  </testcase>
  <testcase name="testDoAction_basicBehavior" classname="com.jameswushanghai.statemachine.action.ProcessActionTest" time="0.102">
    <system-out><![CDATA[13:07:07.117 [main] INFO  com.jameswushanghai.statemachine.action.ProcessAction - 执行处理动作
13:07:07.117 [main] INFO  com.jameswushanghai.statemachine.action.ProcessAction - 正在处理数据...
13:07:07.218 [main] INFO  com.jameswushanghai.statemachine.action.ProcessAction - 处理完成，准备进入下一阶段
]]></system-out>
  </testcase>
  <testcase name="testDoAction_threadSleepBehavior" classname="com.jameswushanghai.statemachine.action.ProcessActionTest" time="0.103">
    <system-out><![CDATA[13:07:07.219 [main] INFO  com.jameswushanghai.statemachine.action.ProcessAction - 执行处理动作
13:07:07.219 [main] INFO  com.jameswushanghai.statemachine.action.ProcessAction - 正在处理数据...
13:07:07.321 [main] INFO  com.jameswushanghai.statemachine.action.ProcessAction - 处理完成，准备进入下一阶段
]]></system-out>
  </testcase>
  <testcase name="testDoAction_withExistingContextData" classname="com.jameswushanghai.statemachine.action.ProcessActionTest" time="0.107">
    <system-out><![CDATA[13:07:07.324 [main] INFO  com.jameswushanghai.statemachine.action.ProcessAction - 执行处理动作
13:07:07.324 [main] INFO  com.jameswushanghai.statemachine.action.ProcessAction - 正在处理数据...
13:07:07.426 [main] INFO  com.jameswushanghai.statemachine.action.ProcessAction - 处理完成，准备进入下一阶段
]]></system-out>
  </testcase>
  <testcase name="testDoAction_firstRetry" classname="com.jameswushanghai.statemachine.action.RetryActionTest" time="0.017">
    <system-out><![CDATA[13:07:07.433 [main] INFO  com.jameswushanghai.statemachine.action.RetryAction - 执行重试动作
]]></system-out>
  </testcase>
  <testcase name="testDoAction_invalidRetryCountType" classname="com.jameswushanghai.statemachine.action.RetryActionTest" time="0.002">
    <system-out><![CDATA[13:07:07.434 [main] INFO  com.jameswushanghai.statemachine.action.RetryAction - 执行重试动作
]]></system-out>
  </testcase>
  <testcase name="testDoAction_subsequentRetries" classname="com.jameswushanghai.statemachine.action.RetryActionTest" time="0.001">
    <system-out><![CDATA[13:07:07.435 [main] INFO  com.jameswushanghai.statemachine.action.RetryAction - 执行重试动作
]]></system-out>
  </testcase>
  <testcase name="testDoAction_withExistingContextData" classname="com.jameswushanghai.statemachine.action.RetryActionTest" time="0.001">
    <system-out><![CDATA[13:07:07.440 [main] INFO  com.jameswushanghai.statemachine.action.RetryAction - 执行重试动作
]]></system-out>
  </testcase>
  <testcase name="testDoAction_firstExecution" classname="com.jameswushanghai.statemachine.action.StartActionTest" time="0">
    <system-out><![CDATA[13:07:07.446 [main] INFO  com.jameswushanghai.statemachine.action.StartAction - 执行开始动作
13:07:07.446 [main] INFO  com.jameswushanghai.statemachine.action.StartAction - 第一次执行start动作，返回失败
]]></system-out>
  </testcase>
  <testcase name="testDoAction_invalidFirstExecutionType" classname="com.jameswushanghai.statemachine.action.StartActionTest" time="0.001">
    <system-out><![CDATA[13:07:07.448 [main] INFO  com.jameswushanghai.statemachine.action.StartAction - 执行开始动作
13:07:07.449 [main] INFO  com.jameswushanghai.statemachine.action.StartAction - 非第一次执行start动作，返回成功
]]></system-out>
  </testcase>
  <testcase name="testDoAction_noFirstExecutionFlag" classname="com.jameswushanghai.statemachine.action.StartActionTest" time="0.001">
    <system-out><![CDATA[13:07:07.449 [main] INFO  com.jameswushanghai.statemachine.action.StartAction - 执行开始动作
13:07:07.450 [main] INFO  com.jameswushanghai.statemachine.action.StartAction - 非第一次执行start动作，返回成功
]]></system-out>
  </testcase>
  <testcase name="testDoAction_nonFirstExecution" classname="com.jameswushanghai.statemachine.action.StartActionTest" time="0">
    <system-out><![CDATA[13:07:07.451 [main] INFO  com.jameswushanghai.statemachine.action.StartAction - 执行开始动作
13:07:07.451 [main] INFO  com.jameswushanghai.statemachine.action.StartAction - 非第一次执行start动作，返回成功
]]></system-out>
  </testcase>
  <testcase name="testSimple" classname="com.jameswushanghai.statemachine.SimpleTest" time="0"/>
  <testcase name="testVerySimple" classname="com.jameswushanghai.statemachine.VerySimpleTest" time="0.001">
    <system-out><![CDATA[测试方法执行
]]></system-out>
  </testcase>
</testsuite>